# JRE version: Java(TM) SE Runtime Environment (7.0_79-b15) (build 1.7.0_79-b15)
# Java VM: Java HotSpot(TM) 64-Bit Server VM (24.79-b02 mixed mode windows-amd64 compressed oops)
Heap
 PSYoungGen      total 146944K, used 142447K [0x00000007d5f00000, 0x00000007e0600000, 0x0000000800000000)
  eden space 126976K, 96% used [0x00000007d5f00000,0x00000007dd69fac8,0x00000007ddb00000)
  from space 19968K, 99% used [0x00000007ddb00000,0x00000007dee7c3f8,0x00000007dee80000)
  to   space 15872K, 0% used [0x00000007dee80000,0x00000007dee80000,0x00000007dfe00000)
 ParOldGen       total 86016K, used 34752K [0x0000000781e00000, 0x0000000787200000, 0x00000007d5f00000)
  object space 86016K, 40% used [0x0000000781e00000,0x0000000783ff02f8,0x0000000787200000)
 PSPermGen       total 25088K, used 25002K [0x000000077cc00000, 0x000000077e480000, 0x0000000781e00000)
  object space 25088K, 99% used [0x000000077cc00000,0x000000077e46aa98,0x000000077e480000)
GC Heap History (10 events):
Event: 2.871 GC heap before
{Heap before GC invocations=5 (full 0):
 PSYoungGen      total 37888K, used 37880K [0x00000007d5f00000, 0x00000007da900000, 0x0000000800000000)
  eden space 32768K, 100% used [0x00000007d5f00000,0x00000007d7f00000,0x00000007d7f00000)
  from space 5120K, 99% used [0x00000007d8400000,0x00000007d88fe030,0x00000007d8900000)
  to   space 5120K, 0% used [0x00000007d7f00000,0x00000007d7f00000,0x00000007d8400000)
 ParOldGen       total 86016K, used 5948K [0x0000000781e00000, 0x0000000787200000, 0x00000007d5f00000)
  object space 86016K, 6% used [0x0000000781e00000,0x00000007823cf088,0x0000000787200000)
 PSPermGen       total 21504K, used 18064K [0x000000077cc00000, 0x000000077e100000, 0x0000000781e00000)
  object space 21504K, 84% used [0x000000077cc00000,0x000000077dda4180,0x000000077e100000)
Event: 2.879 GC heap after
Heap after GC invocations=5 (full 0):
 PSYoungGen      total 37888K, used 5096K [0x00000007d5f00000, 0x00000007db700000, 0x0000000800000000)
  eden space 32768K, 0% used [0x00000007d5f00000,0x00000007d5f00000,0x00000007d7f00000)
  from space 5120K, 99% used [0x00000007d7f00000,0x00000007d83fa050,0x00000007d8400000)
  to   space 12288K, 0% used [0x00000007dab00000,0x00000007dab00000,0x00000007db700000)
 ParOldGen       total 86016K, used 13048K [0x0000000781e00000, 0x0000000787200000, 0x00000007d5f00000)
  object space 86016K, 15% used [0x0000000781e00000,0x0000000782abe270,0x0000000787200000)
 PSPermGen       total 21504K, used 18064K [0x000000077cc00000, 0x000000077e100000, 0x0000000781e00000)
  object space 21504K, 84% used [0x000000077cc00000,0x000000077dda4180,0x000000077e100000)
}
Event: 3.213 GC heap before
{Heap before GC invocations=6 (full 0):
 PSYoungGen      total 37888K, used 37864K [0x00000007d5f00000, 0x00000007db700000, 0x0000000800000000)
  eden space 32768K, 100% used [0x00000007d5f00000,0x00000007d7f00000,0x00000007d7f00000)
  from space 5120K, 99% used [0x00000007d7f00000,0x00000007d83fa050,0x00000007d8400000)
  to   space 12288K, 0% used [0x00000007dab00000,0x00000007dab00000,0x00000007db700000)
 ParOldGen       total 86016K, used 13048K [0x0000000781e00000, 0x0000000787200000, 0x00000007d5f00000)
  object space 86016K, 15% used [0x0000000781e00000,0x0000000782abe270,0x0000000787200000)
 PSPermGen       total 21504K, used 18718K [0x000000077cc00000, 0x000000077e100000, 0x0000000781e00000)
  object space 21504K, 87% used [0x000000077cc00000,0x000000077de47970,0x000000077e100000)
Event: 3.220 GC heap after
Heap after GC invocations=6 (full 0):
 PSYoungGen      total 75776K, used 7817K [0x00000007d5f00000, 0x00000007db500000, 0x0000000800000000)
  eden space 65536K, 0% used [0x00000007d5f00000,0x00000007d5f00000,0x00000007d9f00000)
  from space 10240K, 76% used [0x00000007dab00000,0x00000007db2a2510,0x00000007db500000)
  to   space 11264K, 0% used [0x00000007d9f00000,0x00000007d9f00000,0x00000007daa00000)
 ParOldGen       total 86016K, used 13056K [0x0000000781e00000, 0x0000000787200000, 0x00000007d5f00000)
  object space 86016K, 15% used [0x0000000781e00000,0x0000000782ac0270,0x0000000787200000)
 PSPermGen       total 21504K, used 18718K [0x000000077cc00000, 0x000000077e100000, 0x0000000781e00000)
  object space 21504K, 87% used [0x000000077cc00000,0x000000077de47970,0x000000077e100000)
}
Event: 4.382 GC heap before
{Heap before GC invocations=7 (full 0):
 PSYoungGen      total 75776K, used 73353K [0x00000007d5f00000, 0x00000007db500000, 0x0000000800000000)
  eden space 65536K, 100% used [0x00000007d5f00000,0x00000007d9f00000,0x00000007d9f00000)
  from space 10240K, 76% used [0x00000007dab00000,0x00000007db2a2510,0x00000007db500000)
  to   space 11264K, 0% used [0x00000007d9f00000,0x00000007d9f00000,0x00000007daa00000)
 ParOldGen       total 86016K, used 13056K [0x0000000781e00000, 0x0000000787200000, 0x00000007d5f00000)
  object space 86016K, 15% used [0x0000000781e00000,0x0000000782ac0270,0x0000000787200000)
 PSPermGen       total 25088K, used 24935K [0x000000077cc00000, 0x000000077e480000, 0x0000000781e00000)
  object space 25088K, 99% used [0x000000077cc00000,0x000000077e459c40,0x000000077e480000)
Event: 4.395 GC heap after
Heap after GC invocations=7 (full 0):
 PSYoungGen      total 76800K, used 11234K [0x00000007d5f00000, 0x00000007dfe00000, 0x0000000800000000)
  eden space 65536K, 0% used [0x00000007d5f00000,0x00000007d5f00000,0x00000007d9f00000)
  from space 11264K, 99% used [0x00000007d9f00000,0x00000007da9f8878,0x00000007daa00000)
  to   space 15872K, 0% used [0x00000007dee80000,0x00000007dee80000,0x00000007dfe00000)
 ParOldGen       total 86016K, used 19490K [0x0000000781e00000, 0x0000000787200000, 0x00000007d5f00000)
  object space 86016K, 22% used [0x0000000781e00000,0x0000000783108930,0x0000000787200000)
 PSPermGen       total 25088K, used 24935K [0x000000077cc00000, 0x000000077e480000, 0x0000000781e00000)
  object space 25088K, 99% used [0x000000077cc00000,0x000000077e459c40,0x000000077e480000)
}
Event: 4.673 GC heap before
{Heap before GC invocations=8 (full 0):
 PSYoungGen      total 76800K, used 76770K [0x00000007d5f00000, 0x00000007dfe00000, 0x0000000800000000)
  eden space 65536K, 100% used [0x00000007d5f00000,0x00000007d9f00000,0x00000007d9f00000)
  from space 11264K, 99% used [0x00000007d9f00000,0x00000007da9f8878,0x00000007daa00000)
  to   space 15872K, 0% used [0x00000007dee80000,0x00000007dee80000,0x00000007dfe00000)
 ParOldGen       total 86016K, used 19490K [0x0000000781e00000, 0x0000000787200000, 0x00000007d5f00000)
  object space 86016K, 22% used [0x0000000781e00000,0x0000000783108930,0x0000000787200000)
 PSPermGen       total 25088K, used 24970K [0x000000077cc00000, 0x000000077e480000, 0x0000000781e00000)
  object space 25088K, 99% used [0x000000077cc00000,0x000000077e462890,0x000000077e480000)
Event: 4.684 GC heap after
Heap after GC invocations=8 (full 0):
 PSYoungGen      total 142848K, used 15855K [0x00000007d5f00000, 0x00000007e0600000, 0x0000000800000000)
  eden space 126976K, 0% used [0x00000007d5f00000,0x00000007d5f00000,0x00000007ddb00000)
  from space 15872K, 99% used [0x00000007dee80000,0x00000007dfdfbed0,0x00000007dfe00000)
  to   space 19968K, 0% used [0x00000007ddb00000,0x00000007ddb00000,0x00000007dee80000)
 ParOldGen       total 86016K, used 24019K [0x0000000781e00000, 0x0000000787200000, 0x00000007d5f00000)
  object space 86016K, 27% used [0x0000000781e00000,0x0000000783574c90,0x0000000787200000)
 PSPermGen       total 25088K, used 24970K [0x000000077cc00000, 0x000000077e480000, 0x0000000781e00000)
  object space 25088K, 99% used [0x000000077cc00000,0x000000077e462890,0x000000077e480000)
}
Event: 5.130 GC heap before
{Heap before GC invocations=9 (full 0):
 PSYoungGen      total 142848K, used 142831K [0x00000007d5f00000, 0x00000007e0600000, 0x0000000800000000)
  eden space 126976K, 100% used [0x00000007d5f00000,0x00000007ddb00000,0x00000007ddb00000)
  from space 15872K, 99% used [0x00000007dee80000,0x00000007dfdfbed0,0x00000007dfe00000)
  to   space 19968K, 0% used [0x00000007ddb00000,0x00000007ddb00000,0x00000007dee80000)
 ParOldGen       total 86016K, used 24019K [0x0000000781e00000, 0x0000000787200000, 0x00000007d5f00000)
  object space 86016K, 27% used [0x0000000781e00000,0x0000000783574c90,0x0000000787200000)
 PSPermGen       total 25088K, used 25000K [0x000000077cc00000, 0x000000077e480000, 0x0000000781e00000)
  object space 25088K, 99% used [0x000000077cc00000,0x000000077e46a0a8,0x000000077e480000)
Event: 5.149 GC heap after
Heap after GC invocations=9 (full 0):
 PSYoungGen      total 146944K, used 19952K [0x00000007d5f00000, 0x00000007e0600000, 0x0000000800000000)
  eden space 126976K, 0% used [0x00000007d5f00000,0x00000007d5f00000,0x00000007ddb00000)
  from space 19968K, 99% used [0x00000007ddb00000,0x00000007dee7c3f8,0x00000007dee80000)
  to   space 15872K, 0% used [0x00000007dee80000,0x00000007dee80000,0x00000007dfe00000)
 ParOldGen       total 86016K, used 34752K [0x0000000781e00000, 0x0000000787200000, 0x00000007d5f00000)
  object space 86016K, 40% used [0x0000000781e00000,0x0000000783ff02f8,0x0000000787200000)
 PSPermGen       total 25088K, used 25000K [0x000000077cc00000, 0x000000077e480000, 0x0000000781e00000)
  object space 25088K, 99% used [0x000000077cc00000,0x000000077e46a0a8,0x000000077e480000)
}

